{"E:\\BootCamp\\Front\\JalaFrontEnd\\task13\\src\\setupTest.ts": {"path":"E:\\BootCamp\\Front\\JalaFrontEnd\\task13\\src\\setupTest.ts","all":false,"statementMap":{"0":{"start":{"line":1,"column":0},"end":{"line":1,"column":58}},"1":{"start":{"line":2,"column":0},"end":{"line":2,"column":30}},"2":{"start":{"line":3,"column":0},"end":{"line":3,"column":0}},"3":{"start":{"line":4,"column":0},"end":{"line":4,"column":23}}},"s":{"0":1,"1":1,"2":1,"3":1},"branchMap":{},"b":{},"fnMap":{},"f":{}}
,"E:\\BootCamp\\Front\\JalaFrontEnd\\task13\\src\\components\\input\\Input.jsx": {"path":"E:\\BootCamp\\Front\\JalaFrontEnd\\task13\\src\\components\\input\\Input.jsx","all":false,"statementMap":{"0":{"start":{"line":1,"column":0},"end":{"line":1,"column":25}},"1":{"start":{"line":2,"column":0},"end":{"line":2,"column":0}},"2":{"start":{"line":3,"column":0},"end":{"line":3,"column":38}},"3":{"start":{"line":4,"column":0},"end":{"line":4,"column":12}},"4":{"start":{"line":5,"column":0},"end":{"line":5,"column":13}},"5":{"start":{"line":6,"column":0},"end":{"line":6,"column":63}},"6":{"start":{"line":7,"column":0},"end":{"line":7,"column":116}},"7":{"start":{"line":8,"column":0},"end":{"line":8,"column":14}},"8":{"start":{"line":9,"column":0},"end":{"line":9,"column":5}},"9":{"start":{"line":10,"column":0},"end":{"line":10,"column":1}}},"s":{"0":1,"1":1,"2":1,"3":1,"4":1,"5":1,"6":1,"7":1,"8":1,"9":1},"branchMap":{},"b":{},"fnMap":{"0":{"name":"onChange","decl":{"start":{"line":7,"column":81},"end":{"line":7,"column":113}},"loc":{"start":{"line":7,"column":81},"end":{"line":7,"column":113}},"line":7}},"f":{"0":0}}
}
